<?xml version="1.0" encoding="UTF-8"?>
<testng-results skipped="0" failed="0" ignored="0" total="1" passed="1">
  <reporter-output>
  </reporter-output>
  <suite name="Default suite" duration-ms="45854" started-at="2020-06-21T18:13:22 IST" finished-at="2020-06-21T18:14:08 IST">
    <groups>
    </groups>
    <test name="Default test" duration-ms="45854" started-at="2020-06-21T18:13:22 IST" finished-at="2020-06-21T18:14:08 IST">
      <class name="SampleDemo.Demo">
        <test-method status="PASS" signature="Demo()[pri:1, instance:SampleDemo.Demo@1a1d6a08]" name="Demo" duration-ms="45787" started-at="2020-06-21T18:13:22 IST" finished-at="2020-06-21T18:14:08 IST">
          <reporter-output>
          </reporter-output>
        </test-method> <!-- Demo -->
      </class> <!-- SampleDemo.Demo -->
    </test> <!-- Default test -->
  </suite> <!-- Default suite -->
</testng-results>
